<?xml version="1.0" encoding="UTF-8"?>
<!-- Generated by org.testng.reporters.JUnitReportReporter -->
<testsuite hostname="Pradeeps-MacBook-Air.local" failures="0" tests="8" name="com.ninja.qa.testcases.Login" time="71.913" errors="0" timestamp="2023-12-22T18:20:10 IST" skipped="0">
  <testcase classname="com.ninja.qa.testcases.Login" name="verifyWithValidCreds" time="9.502"/>
  <testcase classname="com.ninja.qa.testcases.Login" name="verifyWithValidUnameInValidPwd" time="9.208"/>
  <testcase classname="com.ninja.qa.testcases.Login" name="verifyWithInvalidCreds" time="9.102"/>
  <testcase classname="com.ninja.qa.testcases.Login" name="verifyWithBlankCreds" time="8.605"/>
  <testcase classname="com.ninja.qa.testcases.Login" name="verifyWithInvalidUnameValidPwd" time="8.974"/>
  <testcase classname="com.ninja.qa.testcases.Login" name="verifyWithInvalidUnameValidPwd" time="8.825"/>
  <testcase classname="com.ninja.qa.testcases.Login" name="verifyWithInvalidUnameValidPwd" time="8.667"/>
  <testcase classname="com.ninja.qa.testcases.Login" name="verifyWithInvalidUnameValidPwd" time="9.030"/>
</testsuite> <!-- com.ninja.qa.testcases.Login -->
