<?xml version="1.0" encoding="UTF-8"?>
<!-- Generated by org.testng.reporters.JUnitReportReporter -->
<testsuite hostname="Pradeeps-MacBook-Air.local" failures="0" tests="2" name="com.ninja.qa.testcases.Register" time="22.241" errors="0" timestamp="2023-12-22T18:20:10 IST" skipped="0">
  <testcase classname="com.ninja.qa.testcases.Register" name="verifyDuplicateRegistration" time="11.707"/>
  <testcase classname="com.ninja.qa.testcases.Register" name="verifyRegisteMandatoryFields" time="10.534"/>
</testsuite> <!-- com.ninja.qa.testcases.Register -->
