<?xml version="1.0" encoding="UTF-8"?>
<!-- Generated by org.testng.reporters.JUnitReportReporter -->
<testsuite hostname="Pradeeps-MacBook-Air.local" failures="0" tests="1" name="com.ninja.qa.testcases.Search" time="7.844" errors="0" timestamp="2023-12-22T18:20:10 IST" skipped="0">
  <testcase classname="com.ninja.qa.testcases.Search" name="verifyValidSearch" time="7.844"/>
</testsuite> <!-- com.ninja.qa.testcases.Search -->
